2022-04-05 15:36:21,277 INFO 11520 [egg:logger] init all loggers with options: {"dir":"D:\\VS_code代码\\Egg\\text02\\logs\\text02","encoding":"utf8","env":"local","level":"INFO","consoleLevel":"INFO","disableConsoleAfterReady":false,"outputJSON":false,"buffer":true,"appLogName":"text02-web.log","coreLogName":"egg-web.log","agentLogName":"egg-agent.log","errorLogName":"common-error.log","coreLogger":{"consoleLevel":"WARN"},"allowDebugAtProd":false,"enablePerformanceTimer":false,"type":"application"}
2022-04-05 15:36:21,321 INFO 11520 [egg-multipart] stream mode enable
2022-04-05 15:36:21,590 INFO 11520 [egg-static] starting static serve /public/ -> D:\VS_code代码\Egg\text02\app\public
2022-04-05 15:36:21,598 INFO 11520 [egg-security] use csrf middleware
2022-04-05 15:36:21,602 INFO 11520 [egg-security] use methodnoallow middleware
2022-04-05 15:36:21,603 INFO 11520 [egg-security] use noopen middleware
2022-04-05 15:36:21,606 INFO 11520 [egg-security] use nosniff middleware
2022-04-05 15:36:21,607 INFO 11520 [egg-security] use xssProtection middleware
2022-04-05 15:36:21,608 INFO 11520 [egg-security] use xframe middleware
2022-04-05 15:36:21,609 INFO 11520 [egg-security] use dta middleware
2022-04-05 15:36:21,610 INFO 11520 [egg-security] compose 7 middlewares into one security middleware
2022-04-05 15:36:21,623 INFO 11520 [egg:core] dump config after load, 8ms
2022-04-05 15:36:21,636 INFO 11520 [egg-watcher:application] watcher start success
2022-04-05 15:36:21,646 INFO 11520 [egg:core] dump config after ready, 8ms
2022-04-05 15:41:26,423 INFO 12156 [egg:logger] init all loggers with options: {"dir":"D:\\VS_code代码\\Egg\\text02\\logs\\text02","encoding":"utf8","env":"local","level":"INFO","consoleLevel":"INFO","disableConsoleAfterReady":false,"outputJSON":false,"buffer":true,"appLogName":"text02-web.log","coreLogName":"egg-web.log","agentLogName":"egg-agent.log","errorLogName":"common-error.log","coreLogger":{"consoleLevel":"WARN"},"allowDebugAtProd":false,"enablePerformanceTimer":false,"type":"application"}
2022-04-05 15:41:26,471 INFO 12156 [egg-multipart] stream mode enable
2022-04-05 15:41:26,738 INFO 12156 [egg-static] starting static serve /public/ -> D:\VS_code代码\Egg\text02\app\public
2022-04-05 15:41:26,744 INFO 12156 [egg-security] use csrf middleware
2022-04-05 15:41:26,747 INFO 12156 [egg-security] use methodnoallow middleware
2022-04-05 15:41:26,749 INFO 12156 [egg-security] use noopen middleware
2022-04-05 15:41:26,753 INFO 12156 [egg-security] use nosniff middleware
2022-04-05 15:41:26,754 INFO 12156 [egg-security] use xssProtection middleware
2022-04-05 15:41:26,755 INFO 12156 [egg-security] use xframe middleware
2022-04-05 15:41:26,756 INFO 12156 [egg-security] use dta middleware
2022-04-05 15:41:26,756 INFO 12156 [egg-security] compose 7 middlewares into one security middleware
2022-04-05 15:41:26,770 INFO 12156 [egg:core] dump config after load, 7ms
2022-04-05 15:41:26,788 INFO 12156 [egg-watcher:application] watcher start success
2022-04-05 15:41:26,797 INFO 12156 [egg:core] dump config after ready, 8ms
2022-04-05 15:41:31,382 INFO 20356 [egg:logger] init all loggers with options: {"dir":"D:\\VS_code代码\\Egg\\text02\\logs\\text02","encoding":"utf8","env":"local","level":"INFO","consoleLevel":"INFO","disableConsoleAfterReady":false,"outputJSON":false,"buffer":true,"appLogName":"text02-web.log","coreLogName":"egg-web.log","agentLogName":"egg-agent.log","errorLogName":"common-error.log","coreLogger":{"consoleLevel":"WARN"},"allowDebugAtProd":false,"enablePerformanceTimer":false,"type":"application"}
2022-04-05 15:41:31,427 INFO 20356 [egg-multipart] stream mode enable
2022-04-05 15:41:31,698 INFO 20356 [egg-static] starting static serve /public/ -> D:\VS_code代码\Egg\text02\app\public
2022-04-05 15:41:31,705 INFO 20356 [egg-security] use csrf middleware
2022-04-05 15:41:31,708 INFO 20356 [egg-security] use methodnoallow middleware
2022-04-05 15:41:31,709 INFO 20356 [egg-security] use noopen middleware
2022-04-05 15:41:31,713 INFO 20356 [egg-security] use nosniff middleware
2022-04-05 15:41:31,714 INFO 20356 [egg-security] use xssProtection middleware
2022-04-05 15:41:31,716 INFO 20356 [egg-security] use xframe middleware
2022-04-05 15:41:31,717 INFO 20356 [egg-security] use dta middleware
2022-04-05 15:41:31,718 INFO 20356 [egg-security] compose 7 middlewares into one security middleware
2022-04-05 15:41:31,730 INFO 20356 [egg:core] dump config after load, 6ms
2022-04-05 15:41:31,741 INFO 20356 [egg-watcher:application] watcher start success
2022-04-05 15:41:31,751 INFO 20356 [egg:core] dump config after ready, 9ms
2022-04-05 15:44:02,352 INFO 4592 [egg:logger] init all loggers with options: {"dir":"D:\\VS_code代码\\Egg\\text02\\logs\\text02","encoding":"utf8","env":"local","level":"INFO","consoleLevel":"INFO","disableConsoleAfterReady":false,"outputJSON":false,"buffer":true,"appLogName":"text02-web.log","coreLogName":"egg-web.log","agentLogName":"egg-agent.log","errorLogName":"common-error.log","coreLogger":{"consoleLevel":"WARN"},"allowDebugAtProd":false,"enablePerformanceTimer":false,"type":"application"}
2022-04-05 15:44:02,395 INFO 4592 [egg-multipart] stream mode enable
2022-04-05 15:44:02,625 INFO 4592 [egg-static] starting static serve /public/ -> D:\VS_code代码\Egg\text02\app\public
2022-04-05 15:44:02,631 INFO 4592 [egg-security] use csrf middleware
2022-04-05 15:44:02,634 INFO 4592 [egg-security] use methodnoallow middleware
2022-04-05 15:44:02,636 INFO 4592 [egg-security] use noopen middleware
2022-04-05 15:44:02,638 INFO 4592 [egg-security] use nosniff middleware
2022-04-05 15:44:02,640 INFO 4592 [egg-security] use xssProtection middleware
2022-04-05 15:44:02,641 INFO 4592 [egg-security] use xframe middleware
2022-04-05 15:44:02,641 INFO 4592 [egg-security] use dta middleware
2022-04-05 15:44:02,642 INFO 4592 [egg-security] compose 7 middlewares into one security middleware
2022-04-05 15:44:02,654 INFO 4592 [egg:core] dump config after load, 7ms
2022-04-05 15:44:02,664 INFO 4592 [egg-watcher:application] watcher start success
2022-04-05 15:44:02,674 INFO 4592 [egg:core] dump config after ready, 9ms
2022-04-05 15:44:21,696 INFO 8744 [egg:logger] init all loggers with options: {"dir":"D:\\VS_code代码\\Egg\\text02\\logs\\text02","encoding":"utf8","env":"local","level":"INFO","consoleLevel":"INFO","disableConsoleAfterReady":false,"outputJSON":false,"buffer":true,"appLogName":"text02-web.log","coreLogName":"egg-web.log","agentLogName":"egg-agent.log","errorLogName":"common-error.log","coreLogger":{"consoleLevel":"WARN"},"allowDebugAtProd":false,"enablePerformanceTimer":false,"type":"application"}
2022-04-05 15:44:21,742 INFO 8744 [egg-multipart] stream mode enable
2022-04-05 15:44:22,042 INFO 8744 [egg-static] starting static serve /public/ -> D:\VS_code代码\Egg\text02\app\public
2022-04-05 15:44:22,048 INFO 8744 [egg-security] use csrf middleware
2022-04-05 15:44:22,051 INFO 8744 [egg-security] use methodnoallow middleware
2022-04-05 15:44:22,052 INFO 8744 [egg-security] use noopen middleware
2022-04-05 15:44:22,056 INFO 8744 [egg-security] use nosniff middleware
2022-04-05 15:44:22,058 INFO 8744 [egg-security] use xssProtection middleware
2022-04-05 15:44:22,059 INFO 8744 [egg-security] use xframe middleware
2022-04-05 15:44:22,061 INFO 8744 [egg-security] use dta middleware
2022-04-05 15:44:22,061 INFO 8744 [egg-security] compose 7 middlewares into one security middleware
2022-04-05 15:44:22,074 INFO 8744 [egg:core] dump config after load, 7ms
2022-04-05 15:44:22,087 INFO 8744 [egg-watcher:application] watcher start success
2022-04-05 15:44:22,099 INFO 8744 [egg:core] dump config after ready, 10ms
2022-04-05 15:44:46,012 INFO 24256 [egg:logger] init all loggers with options: {"dir":"D:\\VS_code代码\\Egg\\text02\\logs\\text02","encoding":"utf8","env":"local","level":"INFO","consoleLevel":"INFO","disableConsoleAfterReady":false,"outputJSON":false,"buffer":true,"appLogName":"text02-web.log","coreLogName":"egg-web.log","agentLogName":"egg-agent.log","errorLogName":"common-error.log","coreLogger":{"consoleLevel":"WARN"},"allowDebugAtProd":false,"enablePerformanceTimer":false,"type":"application"}
2022-04-05 15:44:46,056 INFO 24256 [egg-multipart] stream mode enable
2022-04-05 15:44:46,345 INFO 24256 [egg-static] starting static serve /public/ -> D:\VS_code代码\Egg\text02\app\public
2022-04-05 15:44:46,351 INFO 24256 [egg-security] use csrf middleware
2022-04-05 15:44:46,357 INFO 24256 [egg-security] use methodnoallow middleware
2022-04-05 15:44:46,358 INFO 24256 [egg-security] use noopen middleware
2022-04-05 15:44:46,363 INFO 24256 [egg-security] use nosniff middleware
2022-04-05 15:44:46,364 INFO 24256 [egg-security] use xssProtection middleware
2022-04-05 15:44:46,365 INFO 24256 [egg-security] use xframe middleware
2022-04-05 15:44:46,366 INFO 24256 [egg-security] use dta middleware
2022-04-05 15:44:46,366 INFO 24256 [egg-security] compose 7 middlewares into one security middleware
2022-04-05 15:44:46,380 INFO 24256 [egg:core] dump config after load, 8ms
2022-04-05 15:44:46,392 INFO 24256 [egg-watcher:application] watcher start success
2022-04-05 15:44:46,405 INFO 24256 [egg:core] dump config after ready, 11ms
2022-04-05 15:44:58,194 INFO 12848 [egg:logger] init all loggers with options: {"dir":"D:\\VS_code代码\\Egg\\text02\\logs\\text02","encoding":"utf8","env":"local","level":"INFO","consoleLevel":"INFO","disableConsoleAfterReady":false,"outputJSON":false,"buffer":true,"appLogName":"text02-web.log","coreLogName":"egg-web.log","agentLogName":"egg-agent.log","errorLogName":"common-error.log","coreLogger":{"consoleLevel":"WARN"},"allowDebugAtProd":false,"enablePerformanceTimer":false,"type":"application"}
2022-04-05 15:44:58,246 INFO 12848 [egg-multipart] stream mode enable
2022-04-05 15:44:58,525 INFO 12848 [egg-static] starting static serve /public/ -> D:\VS_code代码\Egg\text02\app\public
2022-04-05 15:44:58,532 INFO 12848 [egg-security] use csrf middleware
2022-04-05 15:44:58,535 INFO 12848 [egg-security] use methodnoallow middleware
2022-04-05 15:44:58,536 INFO 12848 [egg-security] use noopen middleware
2022-04-05 15:44:58,539 INFO 12848 [egg-security] use nosniff middleware
2022-04-05 15:44:58,540 INFO 12848 [egg-security] use xssProtection middleware
2022-04-05 15:44:58,541 INFO 12848 [egg-security] use xframe middleware
2022-04-05 15:44:58,542 INFO 12848 [egg-security] use dta middleware
2022-04-05 15:44:58,543 INFO 12848 [egg-security] compose 7 middlewares into one security middleware
2022-04-05 15:44:58,555 INFO 12848 [egg:core] dump config after load, 6ms
2022-04-05 15:44:58,567 INFO 12848 [egg-watcher:application] watcher start success
2022-04-05 15:44:58,576 INFO 12848 [egg:core] dump config after ready, 8ms
2022-04-05 15:45:00,359 INFO 12848 [egg-view-nunjucks] loading templates from ["D:\\VS_code代码\\Egg\\text02\\app\\view"]
2022-04-05 15:45:45,174 INFO 26068 [egg:logger] init all loggers with options: {"dir":"D:\\VS_code代码\\Egg\\text02\\logs\\text02","encoding":"utf8","env":"local","level":"INFO","consoleLevel":"INFO","disableConsoleAfterReady":false,"outputJSON":false,"buffer":true,"appLogName":"text02-web.log","coreLogName":"egg-web.log","agentLogName":"egg-agent.log","errorLogName":"common-error.log","coreLogger":{"consoleLevel":"WARN"},"allowDebugAtProd":false,"enablePerformanceTimer":false,"type":"application"}
2022-04-05 15:45:45,219 INFO 26068 [egg-multipart] stream mode enable
2022-04-05 15:45:45,498 INFO 26068 [egg-static] starting static serve /public/ -> D:\VS_code代码\Egg\text02\app\public
2022-04-05 15:45:45,504 INFO 26068 [egg-security] use csrf middleware
2022-04-05 15:45:45,508 INFO 26068 [egg-security] use methodnoallow middleware
2022-04-05 15:45:45,510 INFO 26068 [egg-security] use noopen middleware
2022-04-05 15:45:45,514 INFO 26068 [egg-security] use nosniff middleware
2022-04-05 15:45:45,516 INFO 26068 [egg-security] use xssProtection middleware
2022-04-05 15:45:45,517 INFO 26068 [egg-security] use xframe middleware
2022-04-05 15:45:45,518 INFO 26068 [egg-security] use dta middleware
2022-04-05 15:45:45,518 INFO 26068 [egg-security] compose 7 middlewares into one security middleware
2022-04-05 15:45:45,532 INFO 26068 [egg:core] dump config after load, 8ms
2022-04-05 15:45:45,542 INFO 26068 [egg-watcher:application] watcher start success
2022-04-05 15:45:45,556 INFO 26068 [egg:core] dump config after ready, 12ms
2022-04-05 15:47:32,199 INFO 23184 [egg:logger] init all loggers with options: {"dir":"D:\\VS_code代码\\Egg\\text02\\logs\\text02","encoding":"utf8","env":"local","level":"INFO","consoleLevel":"INFO","disableConsoleAfterReady":false,"outputJSON":false,"buffer":true,"appLogName":"text02-web.log","coreLogName":"egg-web.log","agentLogName":"egg-agent.log","errorLogName":"common-error.log","coreLogger":{"consoleLevel":"WARN"},"allowDebugAtProd":false,"enablePerformanceTimer":false,"type":"application"}
2022-04-05 15:47:32,246 INFO 23184 [egg-multipart] stream mode enable
2022-04-05 15:47:32,513 INFO 23184 [egg-static] starting static serve /public/ -> D:\VS_code代码\Egg\text02\app\public
2022-04-05 15:47:32,519 INFO 23184 [egg-security] use csrf middleware
2022-04-05 15:47:32,523 INFO 23184 [egg-security] use methodnoallow middleware
2022-04-05 15:47:32,525 INFO 23184 [egg-security] use noopen middleware
2022-04-05 15:47:32,530 INFO 23184 [egg-security] use nosniff middleware
2022-04-05 15:47:32,531 INFO 23184 [egg-security] use xssProtection middleware
2022-04-05 15:47:32,533 INFO 23184 [egg-security] use xframe middleware
2022-04-05 15:47:32,534 INFO 23184 [egg-security] use dta middleware
2022-04-05 15:47:32,534 INFO 23184 [egg-security] compose 7 middlewares into one security middleware
2022-04-05 15:47:32,549 INFO 23184 [egg:core] dump config after load, 9ms
2022-04-05 15:47:32,563 INFO 23184 [egg-watcher:application] watcher start success
2022-04-05 15:47:32,575 INFO 23184 [egg:core] dump config after ready, 9ms
2022-04-05 15:48:09,528 INFO 23184 [egg-view-nunjucks] loading templates from ["D:\\VS_code代码\\Egg\\text02\\app\\view"]
2022-04-05 15:48:46,432 INFO 21148 [egg:logger] init all loggers with options: {"dir":"D:\\VS_code代码\\Egg\\text02\\logs\\text02","encoding":"utf8","env":"local","level":"INFO","consoleLevel":"INFO","disableConsoleAfterReady":false,"outputJSON":false,"buffer":true,"appLogName":"text02-web.log","coreLogName":"egg-web.log","agentLogName":"egg-agent.log","errorLogName":"common-error.log","coreLogger":{"consoleLevel":"WARN"},"allowDebugAtProd":false,"enablePerformanceTimer":false,"type":"application"}
2022-04-05 15:48:46,478 INFO 21148 [egg-multipart] stream mode enable
2022-04-05 15:48:46,725 INFO 21148 [egg-static] starting static serve /public/ -> D:\VS_code代码\Egg\text02\app\public
2022-04-05 15:48:46,731 INFO 21148 [egg-security] use csrf middleware
2022-04-05 15:48:46,734 INFO 21148 [egg-security] use methodnoallow middleware
2022-04-05 15:48:46,735 INFO 21148 [egg-security] use noopen middleware
2022-04-05 15:48:46,738 INFO 21148 [egg-security] use nosniff middleware
2022-04-05 15:48:46,739 INFO 21148 [egg-security] use xssProtection middleware
2022-04-05 15:48:46,740 INFO 21148 [egg-security] use xframe middleware
2022-04-05 15:48:46,742 INFO 21148 [egg-security] use dta middleware
2022-04-05 15:48:46,743 INFO 21148 [egg-security] compose 7 middlewares into one security middleware
2022-04-05 15:48:46,755 INFO 21148 [egg:core] dump config after load, 6ms
2022-04-05 15:48:46,768 INFO 21148 [egg-watcher:application] watcher start success
2022-04-05 15:48:46,778 INFO 21148 [egg:core] dump config after ready, 9ms
2022-04-05 15:49:48,991 INFO 21148 [egg-view-nunjucks] loading templates from ["D:\\VS_code代码\\Egg\\text02\\app\\view"]
2022-04-05 17:08:31,005 INFO 10104 [egg:logger] init all loggers with options: {"dir":"D:\\VS_code代码\\Egg\\text02\\logs\\text02","encoding":"utf8","env":"local","level":"INFO","consoleLevel":"INFO","disableConsoleAfterReady":false,"outputJSON":false,"buffer":true,"appLogName":"text02-web.log","coreLogName":"egg-web.log","agentLogName":"egg-agent.log","errorLogName":"common-error.log","coreLogger":{"consoleLevel":"WARN"},"allowDebugAtProd":false,"enablePerformanceTimer":false,"type":"application"}
2022-04-05 17:08:31,057 INFO 10104 [egg-multipart] stream mode enable
2022-04-05 17:08:31,382 INFO 10104 [egg-static] starting static serve /public/ -> D:\VS_code代码\Egg\text02\app\public
2022-04-05 17:08:31,389 INFO 10104 [egg-security] use methodnoallow middleware
2022-04-05 17:08:31,391 INFO 10104 [egg-security] use noopen middleware
2022-04-05 17:08:31,396 INFO 10104 [egg-security] use nosniff middleware
2022-04-05 17:08:31,397 INFO 10104 [egg-security] use xssProtection middleware
2022-04-05 17:08:31,399 INFO 10104 [egg-security] use xframe middleware
2022-04-05 17:08:31,400 INFO 10104 [egg-security] use dta middleware
2022-04-05 17:08:31,400 INFO 10104 [egg-security] compose 6 middlewares into one security middleware
2022-04-05 17:08:31,421 INFO 10104 [egg:core] dump config after load, 8ms
2022-04-05 17:08:31,435 INFO 10104 [egg-watcher:application] watcher start success
2022-04-05 17:08:31,448 INFO 10104 [egg:core] dump config after ready, 9ms
2022-04-05 17:08:34,434 INFO 25632 [egg:logger] init all loggers with options: {"dir":"D:\\VS_code代码\\Egg\\text02\\logs\\text02","encoding":"utf8","env":"local","level":"INFO","consoleLevel":"INFO","disableConsoleAfterReady":false,"outputJSON":false,"buffer":true,"appLogName":"text02-web.log","coreLogName":"egg-web.log","agentLogName":"egg-agent.log","errorLogName":"common-error.log","coreLogger":{"consoleLevel":"WARN"},"allowDebugAtProd":false,"enablePerformanceTimer":false,"type":"application"}
2022-04-05 17:08:34,479 INFO 25632 [egg-multipart] stream mode enable
2022-04-05 17:08:34,742 INFO 25632 [egg-static] starting static serve /public/ -> D:\VS_code代码\Egg\text02\app\public
2022-04-05 17:08:34,747 INFO 25632 [egg-security] use methodnoallow middleware
2022-04-05 17:08:34,749 INFO 25632 [egg-security] use noopen middleware
2022-04-05 17:08:34,753 INFO 25632 [egg-security] use nosniff middleware
2022-04-05 17:08:34,754 INFO 25632 [egg-security] use xssProtection middleware
2022-04-05 17:08:34,755 INFO 25632 [egg-security] use xframe middleware
2022-04-05 17:08:34,757 INFO 25632 [egg-security] use dta middleware
2022-04-05 17:08:34,757 INFO 25632 [egg-security] compose 6 middlewares into one security middleware
2022-04-05 17:08:34,775 INFO 25632 [egg:core] dump config after load, 7ms
2022-04-05 17:08:34,786 INFO 25632 [egg-watcher:application] watcher start success
2022-04-05 17:08:34,796 INFO 25632 [egg:core] dump config after ready, 9ms
2022-04-05 17:11:20,124 INFO 24464 [egg:logger] init all loggers with options: {"dir":"D:\\VS_code代码\\Egg\\text02\\logs\\text02","encoding":"utf8","env":"local","level":"INFO","consoleLevel":"INFO","disableConsoleAfterReady":false,"outputJSON":false,"buffer":true,"appLogName":"text02-web.log","coreLogName":"egg-web.log","agentLogName":"egg-agent.log","errorLogName":"common-error.log","coreLogger":{"consoleLevel":"WARN"},"allowDebugAtProd":false,"enablePerformanceTimer":false,"type":"application"}
2022-04-05 17:11:20,171 INFO 24464 [egg-multipart] stream mode enable
2022-04-05 17:11:20,449 INFO 24464 [egg-static] starting static serve /public/ -> D:\VS_code代码\Egg\text02\app\public
2022-04-05 17:11:20,454 INFO 24464 [egg-security] use methodnoallow middleware
2022-04-05 17:11:20,456 INFO 24464 [egg-security] use noopen middleware
2022-04-05 17:11:20,459 INFO 24464 [egg-security] use nosniff middleware
2022-04-05 17:11:20,460 INFO 24464 [egg-security] use xssProtection middleware
2022-04-05 17:11:20,461 INFO 24464 [egg-security] use xframe middleware
2022-04-05 17:11:20,463 INFO 24464 [egg-security] use dta middleware
2022-04-05 17:11:20,463 INFO 24464 [egg-security] compose 6 middlewares into one security middleware
2022-04-05 17:11:20,481 INFO 24464 [egg:core] dump config after load, 7ms
2022-04-05 17:11:20,495 INFO 24464 [egg-watcher:application] watcher start success
2022-04-05 17:11:20,507 INFO 24464 [egg:core] dump config after ready, 10ms
2022-04-05 17:13:12,278 INFO 14060 [egg:logger] init all loggers with options: {"dir":"D:\\VS_code代码\\Egg\\text02\\logs\\text02","encoding":"utf8","env":"local","level":"INFO","consoleLevel":"INFO","disableConsoleAfterReady":false,"outputJSON":false,"buffer":true,"appLogName":"text02-web.log","coreLogName":"egg-web.log","agentLogName":"egg-agent.log","errorLogName":"common-error.log","coreLogger":{"consoleLevel":"WARN"},"allowDebugAtProd":false,"enablePerformanceTimer":false,"type":"application"}
2022-04-05 17:13:12,323 INFO 14060 [egg-multipart] stream mode enable
2022-04-05 17:13:12,631 INFO 14060 [egg-static] starting static serve /public/ -> D:\VS_code代码\Egg\text02\app\public
2022-04-05 17:13:12,638 INFO 14060 [egg-security] use methodnoallow middleware
2022-04-05 17:13:12,640 INFO 14060 [egg-security] use noopen middleware
2022-04-05 17:13:12,645 INFO 14060 [egg-security] use nosniff middleware
2022-04-05 17:13:12,646 INFO 14060 [egg-security] use xssProtection middleware
2022-04-05 17:13:12,648 INFO 14060 [egg-security] use xframe middleware
2022-04-05 17:13:12,649 INFO 14060 [egg-security] use dta middleware
2022-04-05 17:13:12,649 INFO 14060 [egg-security] compose 6 middlewares into one security middleware
2022-04-05 17:13:12,670 INFO 14060 [egg:core] dump config after load, 8ms
2022-04-05 17:13:12,684 INFO 14060 [egg-watcher:application] watcher start success
2022-04-05 17:13:12,696 INFO 14060 [egg:core] dump config after ready, 10ms
2022-04-05 17:16:25,790 INFO 24412 [egg:logger] init all loggers with options: {"dir":"D:\\VS_code代码\\Egg\\text02\\logs\\text02","encoding":"utf8","env":"local","level":"INFO","consoleLevel":"INFO","disableConsoleAfterReady":false,"outputJSON":false,"buffer":true,"appLogName":"text02-web.log","coreLogName":"egg-web.log","agentLogName":"egg-agent.log","errorLogName":"common-error.log","coreLogger":{"consoleLevel":"WARN"},"allowDebugAtProd":false,"enablePerformanceTimer":false,"type":"application"}
2022-04-05 17:16:25,852 INFO 24412 [egg-multipart] stream mode enable
2022-04-05 17:16:26,177 INFO 24412 [egg-static] starting static serve /public/ -> D:\VS_code代码\Egg\text02\app\public
2022-04-05 17:16:26,183 INFO 24412 [egg-security] use methodnoallow middleware
2022-04-05 17:16:26,185 INFO 24412 [egg-security] use noopen middleware
2022-04-05 17:16:26,190 INFO 24412 [egg-security] use nosniff middleware
2022-04-05 17:16:26,192 INFO 24412 [egg-security] use xssProtection middleware
2022-04-05 17:16:26,194 INFO 24412 [egg-security] use xframe middleware
2022-04-05 17:16:26,195 INFO 24412 [egg-security] use dta middleware
2022-04-05 17:16:26,195 INFO 24412 [egg-security] compose 6 middlewares into one security middleware
2022-04-05 17:16:26,215 INFO 24412 [egg:core] dump config after load, 7ms
2022-04-05 17:16:26,227 INFO 24412 [egg-watcher:application] watcher start success
2022-04-05 17:16:26,237 INFO 24412 [egg:core] dump config after ready, 8ms
2022-04-05 17:18:30,516 INFO 21452 [egg:logger] init all loggers with options: {"dir":"D:\\VS_code代码\\Egg\\text02\\logs\\text02","encoding":"utf8","env":"local","level":"INFO","consoleLevel":"INFO","disableConsoleAfterReady":false,"outputJSON":false,"buffer":true,"appLogName":"text02-web.log","coreLogName":"egg-web.log","agentLogName":"egg-agent.log","errorLogName":"common-error.log","coreLogger":{"consoleLevel":"WARN"},"allowDebugAtProd":false,"enablePerformanceTimer":false,"type":"application"}
2022-04-05 17:18:30,562 INFO 21452 [egg-multipart] stream mode enable
2022-04-05 17:18:30,858 INFO 21452 [egg-static] starting static serve /public/ -> D:\VS_code代码\Egg\text02\app\public
2022-04-05 17:18:30,863 INFO 21452 [egg-security] use methodnoallow middleware
2022-04-05 17:18:30,865 INFO 21452 [egg-security] use noopen middleware
2022-04-05 17:18:30,869 INFO 21452 [egg-security] use nosniff middleware
2022-04-05 17:18:30,870 INFO 21452 [egg-security] use xssProtection middleware
2022-04-05 17:18:30,872 INFO 21452 [egg-security] use xframe middleware
2022-04-05 17:18:30,873 INFO 21452 [egg-security] use dta middleware
2022-04-05 17:18:30,874 INFO 21452 [egg-security] compose 6 middlewares into one security middleware
2022-04-05 17:18:30,893 INFO 21452 [egg:core] dump config after load, 8ms
2022-04-05 17:18:30,904 INFO 21452 [egg-watcher:application] watcher start success
2022-04-05 17:18:30,915 INFO 21452 [egg:core] dump config after ready, 10ms
