2022-04-05 10:09:56,052 INFO 17020 [Timer] D:\VS_code代码\Egg\text01\node_modules\_egg-multipart@2.13.1@egg-multipart\app\schedule\clean_tmpdir.js next time will execute after 66003951ms at 2022-04-06 04:30:00.003
2022-04-05 10:09:56,052 INFO 17020 [Timer] D:\VS_code代码\Egg\text01\node_modules\_egg-logrotator@3.1.0@egg-logrotator\app\schedule\clean_log.js next time will execute after 49803948ms at 2022-04-06 00:00:00.000
2022-04-05 10:09:56,053 INFO 17020 [Timer] D:\VS_code代码\Egg\text01\node_modules\_egg-logrotator@3.1.0@egg-logrotator\app\schedule\rotate_by_file.js next time will execute after 49804947ms at 2022-04-06 00:00:01.000
2022-04-05 10:09:55,707 INFO 17968 [egg-schedule]: register schedule D:\VS_code代码\Egg\text01\node_modules\_egg-multipart@2.13.1@egg-multipart\app\schedule\clean_tmpdir.js
2022-04-05 10:09:55,707 INFO 17968 [egg-schedule]: register schedule D:\VS_code代码\Egg\text01\node_modules\_egg-logrotator@3.1.0@egg-logrotator\app\schedule\clean_log.js
2022-04-05 10:09:55,707 INFO 17968 [egg-schedule]: register schedule D:\VS_code代码\Egg\text01\node_modules\_egg-logrotator@3.1.0@egg-logrotator\app\schedule\rotate_by_file.js
2022-04-05 10:12:56,108 INFO 21868 [egg-schedule]: register schedule D:\VS_code代码\Egg\text01\node_modules\_egg-multipart@2.13.1@egg-multipart\app\schedule\clean_tmpdir.js
2022-04-05 10:12:56,108 INFO 21868 [egg-schedule]: register schedule D:\VS_code代码\Egg\text01\node_modules\_egg-logrotator@3.1.0@egg-logrotator\app\schedule\clean_log.js
2022-04-05 10:12:56,109 INFO 21868 [egg-schedule]: register schedule D:\VS_code代码\Egg\text01\node_modules\_egg-logrotator@3.1.0@egg-logrotator\app\schedule\rotate_by_file.js
2022-04-05 10:13:25,986 INFO 22204 [egg-schedule]: register schedule D:\VS_code代码\Egg\text01\node_modules\_egg-multipart@2.13.1@egg-multipart\app\schedule\clean_tmpdir.js
2022-04-05 10:13:25,986 INFO 22204 [egg-schedule]: register schedule D:\VS_code代码\Egg\text01\node_modules\_egg-logrotator@3.1.0@egg-logrotator\app\schedule\clean_log.js
2022-04-05 10:13:25,986 INFO 22204 [egg-schedule]: register schedule D:\VS_code代码\Egg\text01\node_modules\_egg-logrotator@3.1.0@egg-logrotator\app\schedule\rotate_by_file.js
2022-04-05 11:51:50,729 INFO 24844 [egg-schedule]: register schedule D:\VS_code代码\Egg\text01\node_modules\_egg-multipart@2.13.1@egg-multipart\app\schedule\clean_tmpdir.js
2022-04-05 11:51:50,729 INFO 24844 [egg-schedule]: register schedule D:\VS_code代码\Egg\text01\node_modules\_egg-logrotator@3.1.0@egg-logrotator\app\schedule\clean_log.js
2022-04-05 11:51:50,729 INFO 24844 [egg-schedule]: register schedule D:\VS_code代码\Egg\text01\node_modules\_egg-logrotator@3.1.0@egg-logrotator\app\schedule\rotate_by_file.js
2022-04-05 11:51:54,612 INFO 7644 [egg-schedule]: register schedule D:\VS_code代码\Egg\text01\node_modules\_egg-multipart@2.13.1@egg-multipart\app\schedule\clean_tmpdir.js
2022-04-05 11:51:54,613 INFO 7644 [egg-schedule]: register schedule D:\VS_code代码\Egg\text01\node_modules\_egg-logrotator@3.1.0@egg-logrotator\app\schedule\clean_log.js
2022-04-05 11:51:54,613 INFO 7644 [egg-schedule]: register schedule D:\VS_code代码\Egg\text01\node_modules\_egg-logrotator@3.1.0@egg-logrotator\app\schedule\rotate_by_file.js
2022-04-05 11:52:02,070 INFO 20600 [egg-schedule]: register schedule D:\VS_code代码\Egg\text01\node_modules\_egg-multipart@2.13.1@egg-multipart\app\schedule\clean_tmpdir.js
2022-04-05 11:52:02,070 INFO 20600 [egg-schedule]: register schedule D:\VS_code代码\Egg\text01\node_modules\_egg-logrotator@3.1.0@egg-logrotator\app\schedule\clean_log.js
2022-04-05 11:52:02,071 INFO 20600 [egg-schedule]: register schedule D:\VS_code代码\Egg\text01\node_modules\_egg-logrotator@3.1.0@egg-logrotator\app\schedule\rotate_by_file.js
2022-04-05 11:52:52,076 INFO 13736 [egg-schedule]: register schedule D:\VS_code代码\Egg\text01\node_modules\_egg-multipart@2.13.1@egg-multipart\app\schedule\clean_tmpdir.js
2022-04-05 11:52:52,076 INFO 13736 [egg-schedule]: register schedule D:\VS_code代码\Egg\text01\node_modules\_egg-logrotator@3.1.0@egg-logrotator\app\schedule\clean_log.js
2022-04-05 11:52:52,076 INFO 13736 [egg-schedule]: register schedule D:\VS_code代码\Egg\text01\node_modules\_egg-logrotator@3.1.0@egg-logrotator\app\schedule\rotate_by_file.js
2022-04-05 11:54:07,897 INFO 20092 [egg-schedule]: register schedule D:\VS_code代码\Egg\text01\node_modules\_egg-multipart@2.13.1@egg-multipart\app\schedule\clean_tmpdir.js
2022-04-05 11:54:07,897 INFO 20092 [egg-schedule]: register schedule D:\VS_code代码\Egg\text01\node_modules\_egg-logrotator@3.1.0@egg-logrotator\app\schedule\clean_log.js
2022-04-05 11:54:07,898 INFO 20092 [egg-schedule]: register schedule D:\VS_code代码\Egg\text01\node_modules\_egg-logrotator@3.1.0@egg-logrotator\app\schedule\rotate_by_file.js
2022-04-05 11:55:00,062 INFO 20260 [egg-schedule]: register schedule D:\VS_code代码\Egg\text01\node_modules\_egg-multipart@2.13.1@egg-multipart\app\schedule\clean_tmpdir.js
2022-04-05 11:55:00,062 INFO 20260 [egg-schedule]: register schedule D:\VS_code代码\Egg\text01\node_modules\_egg-logrotator@3.1.0@egg-logrotator\app\schedule\clean_log.js
2022-04-05 11:55:00,062 INFO 20260 [egg-schedule]: register schedule D:\VS_code代码\Egg\text01\node_modules\_egg-logrotator@3.1.0@egg-logrotator\app\schedule\rotate_by_file.js
2022-04-05 11:57:45,397 INFO 25376 [egg-schedule]: register schedule D:\VS_code代码\Egg\text01\node_modules\_egg-multipart@2.13.1@egg-multipart\app\schedule\clean_tmpdir.js
2022-04-05 11:57:45,397 INFO 25376 [egg-schedule]: register schedule D:\VS_code代码\Egg\text01\node_modules\_egg-logrotator@3.1.0@egg-logrotator\app\schedule\clean_log.js
2022-04-05 11:57:45,397 INFO 25376 [egg-schedule]: register schedule D:\VS_code代码\Egg\text01\node_modules\_egg-logrotator@3.1.0@egg-logrotator\app\schedule\rotate_by_file.js
2022-04-05 12:00:18,357 INFO 13732 [egg-schedule]: register schedule D:\VS_code代码\Egg\text01\node_modules\_egg-multipart@2.13.1@egg-multipart\app\schedule\clean_tmpdir.js
2022-04-05 12:00:18,357 INFO 13732 [egg-schedule]: register schedule D:\VS_code代码\Egg\text01\node_modules\_egg-logrotator@3.1.0@egg-logrotator\app\schedule\clean_log.js
2022-04-05 12:00:18,358 INFO 13732 [egg-schedule]: register schedule D:\VS_code代码\Egg\text01\node_modules\_egg-logrotator@3.1.0@egg-logrotator\app\schedule\rotate_by_file.js
2022-04-05 12:01:37,922 INFO 25780 [egg-schedule]: register schedule D:\VS_code代码\Egg\text01\node_modules\_egg-multipart@2.13.1@egg-multipart\app\schedule\clean_tmpdir.js
2022-04-05 12:01:37,922 INFO 25780 [egg-schedule]: register schedule D:\VS_code代码\Egg\text01\node_modules\_egg-logrotator@3.1.0@egg-logrotator\app\schedule\clean_log.js
2022-04-05 12:01:37,922 INFO 25780 [egg-schedule]: register schedule D:\VS_code代码\Egg\text01\node_modules\_egg-logrotator@3.1.0@egg-logrotator\app\schedule\rotate_by_file.js
2022-04-05 12:02:44,624 INFO 23856 [egg-schedule]: register schedule D:\VS_code代码\Egg\text01\node_modules\_egg-multipart@2.13.1@egg-multipart\app\schedule\clean_tmpdir.js
2022-04-05 12:02:44,624 INFO 23856 [egg-schedule]: register schedule D:\VS_code代码\Egg\text01\node_modules\_egg-logrotator@3.1.0@egg-logrotator\app\schedule\clean_log.js
2022-04-05 12:02:44,624 INFO 23856 [egg-schedule]: register schedule D:\VS_code代码\Egg\text01\node_modules\_egg-logrotator@3.1.0@egg-logrotator\app\schedule\rotate_by_file.js
2022-04-05 12:02:57,883 INFO 20008 [egg-schedule]: register schedule D:\VS_code代码\Egg\text01\node_modules\_egg-multipart@2.13.1@egg-multipart\app\schedule\clean_tmpdir.js
2022-04-05 12:02:57,883 INFO 20008 [egg-schedule]: register schedule D:\VS_code代码\Egg\text01\node_modules\_egg-logrotator@3.1.0@egg-logrotator\app\schedule\clean_log.js
2022-04-05 12:02:57,883 INFO 20008 [egg-schedule]: register schedule D:\VS_code代码\Egg\text01\node_modules\_egg-logrotator@3.1.0@egg-logrotator\app\schedule\rotate_by_file.js
2022-04-05 12:04:15,561 INFO 2200 [egg-schedule]: register schedule D:\VS_code代码\Egg\text01\node_modules\_egg-multipart@2.13.1@egg-multipart\app\schedule\clean_tmpdir.js
2022-04-05 12:04:15,561 INFO 2200 [egg-schedule]: register schedule D:\VS_code代码\Egg\text01\node_modules\_egg-logrotator@3.1.0@egg-logrotator\app\schedule\clean_log.js
2022-04-05 12:04:15,562 INFO 2200 [egg-schedule]: register schedule D:\VS_code代码\Egg\text01\node_modules\_egg-logrotator@3.1.0@egg-logrotator\app\schedule\rotate_by_file.js
2022-04-05 12:04:54,609 INFO 26504 [egg-schedule]: register schedule D:\VS_code代码\Egg\text01\node_modules\_egg-multipart@2.13.1@egg-multipart\app\schedule\clean_tmpdir.js
2022-04-05 12:04:54,610 INFO 26504 [egg-schedule]: register schedule D:\VS_code代码\Egg\text01\node_modules\_egg-logrotator@3.1.0@egg-logrotator\app\schedule\clean_log.js
2022-04-05 12:04:54,610 INFO 26504 [egg-schedule]: register schedule D:\VS_code代码\Egg\text01\node_modules\_egg-logrotator@3.1.0@egg-logrotator\app\schedule\rotate_by_file.js
2022-04-05 12:05:39,764 INFO 15856 [egg-schedule]: register schedule D:\VS_code代码\Egg\text01\node_modules\_egg-multipart@2.13.1@egg-multipart\app\schedule\clean_tmpdir.js
2022-04-05 12:05:39,764 INFO 15856 [egg-schedule]: register schedule D:\VS_code代码\Egg\text01\node_modules\_egg-logrotator@3.1.0@egg-logrotator\app\schedule\clean_log.js
2022-04-05 12:05:39,765 INFO 15856 [egg-schedule]: register schedule D:\VS_code代码\Egg\text01\node_modules\_egg-logrotator@3.1.0@egg-logrotator\app\schedule\rotate_by_file.js
2022-04-05 12:07:08,668 INFO 5416 [egg-schedule]: register schedule D:\VS_code代码\Egg\text01\node_modules\_egg-multipart@2.13.1@egg-multipart\app\schedule\clean_tmpdir.js
2022-04-05 12:07:08,668 INFO 5416 [egg-schedule]: register schedule D:\VS_code代码\Egg\text01\node_modules\_egg-logrotator@3.1.0@egg-logrotator\app\schedule\clean_log.js
2022-04-05 12:07:08,669 INFO 5416 [egg-schedule]: register schedule D:\VS_code代码\Egg\text01\node_modules\_egg-logrotator@3.1.0@egg-logrotator\app\schedule\rotate_by_file.js
2022-04-05 12:07:46,007 INFO 12784 [egg-schedule]: register schedule D:\VS_code代码\Egg\text01\node_modules\_egg-multipart@2.13.1@egg-multipart\app\schedule\clean_tmpdir.js
2022-04-05 12:07:46,007 INFO 12784 [egg-schedule]: register schedule D:\VS_code代码\Egg\text01\node_modules\_egg-logrotator@3.1.0@egg-logrotator\app\schedule\clean_log.js
2022-04-05 12:07:46,008 INFO 12784 [egg-schedule]: register schedule D:\VS_code代码\Egg\text01\node_modules\_egg-logrotator@3.1.0@egg-logrotator\app\schedule\rotate_by_file.js
2022-04-05 12:08:16,962 INFO 20676 [egg-schedule]: register schedule D:\VS_code代码\Egg\text01\node_modules\_egg-multipart@2.13.1@egg-multipart\app\schedule\clean_tmpdir.js
2022-04-05 12:08:16,962 INFO 20676 [egg-schedule]: register schedule D:\VS_code代码\Egg\text01\node_modules\_egg-logrotator@3.1.0@egg-logrotator\app\schedule\clean_log.js
2022-04-05 12:08:16,962 INFO 20676 [egg-schedule]: register schedule D:\VS_code代码\Egg\text01\node_modules\_egg-logrotator@3.1.0@egg-logrotator\app\schedule\rotate_by_file.js
2022-04-05 12:08:55,043 INFO 25892 [egg-schedule]: register schedule D:\VS_code代码\Egg\text01\node_modules\_egg-multipart@2.13.1@egg-multipart\app\schedule\clean_tmpdir.js
2022-04-05 12:08:55,043 INFO 25892 [egg-schedule]: register schedule D:\VS_code代码\Egg\text01\node_modules\_egg-logrotator@3.1.0@egg-logrotator\app\schedule\clean_log.js
2022-04-05 12:08:55,043 INFO 25892 [egg-schedule]: register schedule D:\VS_code代码\Egg\text01\node_modules\_egg-logrotator@3.1.0@egg-logrotator\app\schedule\rotate_by_file.js
2022-04-05 12:09:00,190 INFO 24104 [egg-schedule]: register schedule D:\VS_code代码\Egg\text01\node_modules\_egg-multipart@2.13.1@egg-multipart\app\schedule\clean_tmpdir.js
2022-04-05 12:09:00,190 INFO 24104 [egg-schedule]: register schedule D:\VS_code代码\Egg\text01\node_modules\_egg-logrotator@3.1.0@egg-logrotator\app\schedule\clean_log.js
2022-04-05 12:09:00,191 INFO 24104 [egg-schedule]: register schedule D:\VS_code代码\Egg\text01\node_modules\_egg-logrotator@3.1.0@egg-logrotator\app\schedule\rotate_by_file.js
2022-04-05 12:09:40,891 INFO 25908 [egg-schedule]: register schedule D:\VS_code代码\Egg\text01\node_modules\_egg-multipart@2.13.1@egg-multipart\app\schedule\clean_tmpdir.js
2022-04-05 12:09:40,891 INFO 25908 [egg-schedule]: register schedule D:\VS_code代码\Egg\text01\node_modules\_egg-logrotator@3.1.0@egg-logrotator\app\schedule\clean_log.js
2022-04-05 12:09:40,891 INFO 25908 [egg-schedule]: register schedule D:\VS_code代码\Egg\text01\node_modules\_egg-logrotator@3.1.0@egg-logrotator\app\schedule\rotate_by_file.js
2022-04-05 12:11:50,978 INFO 9388 [egg-schedule]: register schedule D:\VS_code代码\Egg\text01\node_modules\_egg-multipart@2.13.1@egg-multipart\app\schedule\clean_tmpdir.js
2022-04-05 12:11:50,978 INFO 9388 [egg-schedule]: register schedule D:\VS_code代码\Egg\text01\node_modules\_egg-logrotator@3.1.0@egg-logrotator\app\schedule\clean_log.js
2022-04-05 12:11:50,978 INFO 9388 [egg-schedule]: register schedule D:\VS_code代码\Egg\text01\node_modules\_egg-logrotator@3.1.0@egg-logrotator\app\schedule\rotate_by_file.js
2022-04-05 12:12:35,175 INFO 11980 [egg-schedule]: register schedule D:\VS_code代码\Egg\text01\node_modules\_egg-multipart@2.13.1@egg-multipart\app\schedule\clean_tmpdir.js
2022-04-05 12:12:35,175 INFO 11980 [egg-schedule]: register schedule D:\VS_code代码\Egg\text01\node_modules\_egg-logrotator@3.1.0@egg-logrotator\app\schedule\clean_log.js
2022-04-05 12:12:35,175 INFO 11980 [egg-schedule]: register schedule D:\VS_code代码\Egg\text01\node_modules\_egg-logrotator@3.1.0@egg-logrotator\app\schedule\rotate_by_file.js
2022-04-05 12:16:57,243 INFO 25596 [egg-schedule]: register schedule D:\VS_code代码\Egg\text01\node_modules\_egg-multipart@2.13.1@egg-multipart\app\schedule\clean_tmpdir.js
2022-04-05 12:16:57,244 INFO 25596 [egg-schedule]: register schedule D:\VS_code代码\Egg\text01\node_modules\_egg-logrotator@3.1.0@egg-logrotator\app\schedule\clean_log.js
2022-04-05 12:16:57,244 INFO 25596 [egg-schedule]: register schedule D:\VS_code代码\Egg\text01\node_modules\_egg-logrotator@3.1.0@egg-logrotator\app\schedule\rotate_by_file.js
2022-04-05 12:18:33,594 INFO 16884 [egg-schedule]: register schedule D:\VS_code代码\Egg\text01\node_modules\_egg-multipart@2.13.1@egg-multipart\app\schedule\clean_tmpdir.js
2022-04-05 12:18:33,594 INFO 16884 [egg-schedule]: register schedule D:\VS_code代码\Egg\text01\node_modules\_egg-logrotator@3.1.0@egg-logrotator\app\schedule\clean_log.js
2022-04-05 12:18:33,594 INFO 16884 [egg-schedule]: register schedule D:\VS_code代码\Egg\text01\node_modules\_egg-logrotator@3.1.0@egg-logrotator\app\schedule\rotate_by_file.js
2022-04-05 12:21:00,228 INFO 21404 [egg-schedule]: register schedule D:\VS_code代码\Egg\text01\node_modules\_egg-multipart@2.13.1@egg-multipart\app\schedule\clean_tmpdir.js
2022-04-05 12:21:00,228 INFO 21404 [egg-schedule]: register schedule D:\VS_code代码\Egg\text01\node_modules\_egg-logrotator@3.1.0@egg-logrotator\app\schedule\clean_log.js
2022-04-05 12:21:00,228 INFO 21404 [egg-schedule]: register schedule D:\VS_code代码\Egg\text01\node_modules\_egg-logrotator@3.1.0@egg-logrotator\app\schedule\rotate_by_file.js
2022-04-05 12:21:55,285 INFO 14992 [egg-schedule]: register schedule D:\VS_code代码\Egg\text01\node_modules\_egg-multipart@2.13.1@egg-multipart\app\schedule\clean_tmpdir.js
2022-04-05 12:21:55,285 INFO 14992 [egg-schedule]: register schedule D:\VS_code代码\Egg\text01\node_modules\_egg-logrotator@3.1.0@egg-logrotator\app\schedule\clean_log.js
2022-04-05 12:21:55,286 INFO 14992 [egg-schedule]: register schedule D:\VS_code代码\Egg\text01\node_modules\_egg-logrotator@3.1.0@egg-logrotator\app\schedule\rotate_by_file.js
2022-04-05 12:22:27,882 INFO 19192 [egg-schedule]: register schedule D:\VS_code代码\Egg\text01\node_modules\_egg-multipart@2.13.1@egg-multipart\app\schedule\clean_tmpdir.js
2022-04-05 12:22:27,883 INFO 19192 [egg-schedule]: register schedule D:\VS_code代码\Egg\text01\node_modules\_egg-logrotator@3.1.0@egg-logrotator\app\schedule\clean_log.js
2022-04-05 12:22:27,883 INFO 19192 [egg-schedule]: register schedule D:\VS_code代码\Egg\text01\node_modules\_egg-logrotator@3.1.0@egg-logrotator\app\schedule\rotate_by_file.js
2022-04-05 12:25:05,284 INFO 10812 [egg-schedule]: register schedule D:\VS_code代码\Egg\text01\node_modules\_egg-multipart@2.13.1@egg-multipart\app\schedule\clean_tmpdir.js
2022-04-05 12:25:05,285 INFO 10812 [egg-schedule]: register schedule D:\VS_code代码\Egg\text01\node_modules\_egg-logrotator@3.1.0@egg-logrotator\app\schedule\clean_log.js
2022-04-05 12:25:05,285 INFO 10812 [egg-schedule]: register schedule D:\VS_code代码\Egg\text01\node_modules\_egg-logrotator@3.1.0@egg-logrotator\app\schedule\rotate_by_file.js
2022-04-05 12:25:32,040 INFO 9008 [egg-schedule]: register schedule D:\VS_code代码\Egg\text01\node_modules\_egg-multipart@2.13.1@egg-multipart\app\schedule\clean_tmpdir.js
2022-04-05 12:25:32,040 INFO 9008 [egg-schedule]: register schedule D:\VS_code代码\Egg\text01\node_modules\_egg-logrotator@3.1.0@egg-logrotator\app\schedule\clean_log.js
2022-04-05 12:25:32,041 INFO 9008 [egg-schedule]: register schedule D:\VS_code代码\Egg\text01\node_modules\_egg-logrotator@3.1.0@egg-logrotator\app\schedule\rotate_by_file.js
2022-04-05 12:26:22,768 INFO 7772 [egg-schedule]: register schedule D:\VS_code代码\Egg\text01\node_modules\_egg-multipart@2.13.1@egg-multipart\app\schedule\clean_tmpdir.js
2022-04-05 12:26:22,768 INFO 7772 [egg-schedule]: register schedule D:\VS_code代码\Egg\text01\node_modules\_egg-logrotator@3.1.0@egg-logrotator\app\schedule\clean_log.js
2022-04-05 12:26:22,768 INFO 7772 [egg-schedule]: register schedule D:\VS_code代码\Egg\text01\node_modules\_egg-logrotator@3.1.0@egg-logrotator\app\schedule\rotate_by_file.js
2022-04-05 12:26:29,879 INFO 25540 [egg-schedule]: register schedule D:\VS_code代码\Egg\text01\node_modules\_egg-multipart@2.13.1@egg-multipart\app\schedule\clean_tmpdir.js
2022-04-05 12:26:29,879 INFO 25540 [egg-schedule]: register schedule D:\VS_code代码\Egg\text01\node_modules\_egg-logrotator@3.1.0@egg-logrotator\app\schedule\clean_log.js
2022-04-05 12:26:29,879 INFO 25540 [egg-schedule]: register schedule D:\VS_code代码\Egg\text01\node_modules\_egg-logrotator@3.1.0@egg-logrotator\app\schedule\rotate_by_file.js
2022-04-05 12:26:59,519 INFO 26412 [egg-schedule]: register schedule D:\VS_code代码\Egg\text01\node_modules\_egg-multipart@2.13.1@egg-multipart\app\schedule\clean_tmpdir.js
2022-04-05 12:26:59,519 INFO 26412 [egg-schedule]: register schedule D:\VS_code代码\Egg\text01\node_modules\_egg-logrotator@3.1.0@egg-logrotator\app\schedule\clean_log.js
2022-04-05 12:26:59,519 INFO 26412 [egg-schedule]: register schedule D:\VS_code代码\Egg\text01\node_modules\_egg-logrotator@3.1.0@egg-logrotator\app\schedule\rotate_by_file.js
2022-04-05 12:27:08,717 INFO 4508 [egg-schedule]: register schedule D:\VS_code代码\Egg\text01\node_modules\_egg-multipart@2.13.1@egg-multipart\app\schedule\clean_tmpdir.js
2022-04-05 12:27:08,717 INFO 4508 [egg-schedule]: register schedule D:\VS_code代码\Egg\text01\node_modules\_egg-logrotator@3.1.0@egg-logrotator\app\schedule\clean_log.js
2022-04-05 12:27:08,717 INFO 4508 [egg-schedule]: register schedule D:\VS_code代码\Egg\text01\node_modules\_egg-logrotator@3.1.0@egg-logrotator\app\schedule\rotate_by_file.js
2022-04-05 12:28:02,031 INFO 23700 [egg-schedule]: register schedule D:\VS_code代码\Egg\text01\node_modules\_egg-multipart@2.13.1@egg-multipart\app\schedule\clean_tmpdir.js
2022-04-05 12:28:02,031 INFO 23700 [egg-schedule]: register schedule D:\VS_code代码\Egg\text01\node_modules\_egg-logrotator@3.1.0@egg-logrotator\app\schedule\clean_log.js
2022-04-05 12:28:02,032 INFO 23700 [egg-schedule]: register schedule D:\VS_code代码\Egg\text01\node_modules\_egg-logrotator@3.1.0@egg-logrotator\app\schedule\rotate_by_file.js
2022-04-05 12:29:40,398 INFO 21232 [egg-schedule]: register schedule D:\VS_code代码\Egg\text01\node_modules\_egg-multipart@2.13.1@egg-multipart\app\schedule\clean_tmpdir.js
2022-04-05 12:29:40,398 INFO 21232 [egg-schedule]: register schedule D:\VS_code代码\Egg\text01\node_modules\_egg-logrotator@3.1.0@egg-logrotator\app\schedule\clean_log.js
2022-04-05 12:29:40,398 INFO 21232 [egg-schedule]: register schedule D:\VS_code代码\Egg\text01\node_modules\_egg-logrotator@3.1.0@egg-logrotator\app\schedule\rotate_by_file.js
2022-04-05 12:30:48,484 INFO 25576 [egg-schedule]: register schedule D:\VS_code代码\Egg\text01\node_modules\_egg-multipart@2.13.1@egg-multipart\app\schedule\clean_tmpdir.js
2022-04-05 12:30:48,484 INFO 25576 [egg-schedule]: register schedule D:\VS_code代码\Egg\text01\node_modules\_egg-logrotator@3.1.0@egg-logrotator\app\schedule\clean_log.js
2022-04-05 12:30:48,484 INFO 25576 [egg-schedule]: register schedule D:\VS_code代码\Egg\text01\node_modules\_egg-logrotator@3.1.0@egg-logrotator\app\schedule\rotate_by_file.js
2022-04-05 12:31:53,248 INFO 9680 [egg-schedule]: register schedule D:\VS_code代码\Egg\text01\node_modules\_egg-multipart@2.13.1@egg-multipart\app\schedule\clean_tmpdir.js
2022-04-05 12:31:53,248 INFO 9680 [egg-schedule]: register schedule D:\VS_code代码\Egg\text01\node_modules\_egg-logrotator@3.1.0@egg-logrotator\app\schedule\clean_log.js
2022-04-05 12:31:53,248 INFO 9680 [egg-schedule]: register schedule D:\VS_code代码\Egg\text01\node_modules\_egg-logrotator@3.1.0@egg-logrotator\app\schedule\rotate_by_file.js
2022-04-05 12:33:17,830 INFO 12432 [egg-schedule]: register schedule D:\VS_code代码\Egg\text01\node_modules\_egg-multipart@2.13.1@egg-multipart\app\schedule\clean_tmpdir.js
2022-04-05 12:33:17,830 INFO 12432 [egg-schedule]: register schedule D:\VS_code代码\Egg\text01\node_modules\_egg-logrotator@3.1.0@egg-logrotator\app\schedule\clean_log.js
2022-04-05 12:33:17,830 INFO 12432 [egg-schedule]: register schedule D:\VS_code代码\Egg\text01\node_modules\_egg-logrotator@3.1.0@egg-logrotator\app\schedule\rotate_by_file.js
2022-04-05 12:33:37,819 INFO 21604 [egg-schedule]: register schedule D:\VS_code代码\Egg\text01\node_modules\_egg-multipart@2.13.1@egg-multipart\app\schedule\clean_tmpdir.js
2022-04-05 12:33:37,819 INFO 21604 [egg-schedule]: register schedule D:\VS_code代码\Egg\text01\node_modules\_egg-logrotator@3.1.0@egg-logrotator\app\schedule\clean_log.js
2022-04-05 12:33:37,819 INFO 21604 [egg-schedule]: register schedule D:\VS_code代码\Egg\text01\node_modules\_egg-logrotator@3.1.0@egg-logrotator\app\schedule\rotate_by_file.js
2022-04-05 12:34:31,790 INFO 25268 [egg-schedule]: register schedule D:\VS_code代码\Egg\text01\node_modules\_egg-multipart@2.13.1@egg-multipart\app\schedule\clean_tmpdir.js
2022-04-05 12:34:31,790 INFO 25268 [egg-schedule]: register schedule D:\VS_code代码\Egg\text01\node_modules\_egg-logrotator@3.1.0@egg-logrotator\app\schedule\clean_log.js
2022-04-05 12:34:31,790 INFO 25268 [egg-schedule]: register schedule D:\VS_code代码\Egg\text01\node_modules\_egg-logrotator@3.1.0@egg-logrotator\app\schedule\rotate_by_file.js
2022-04-05 12:38:50,729 INFO 24328 [egg-schedule]: register schedule D:\VS_code代码\Egg\text01\node_modules\_egg-multipart@2.13.1@egg-multipart\app\schedule\clean_tmpdir.js
2022-04-05 12:38:50,729 INFO 24328 [egg-schedule]: register schedule D:\VS_code代码\Egg\text01\node_modules\_egg-logrotator@3.1.0@egg-logrotator\app\schedule\clean_log.js
2022-04-05 12:38:50,730 INFO 24328 [egg-schedule]: register schedule D:\VS_code代码\Egg\text01\node_modules\_egg-logrotator@3.1.0@egg-logrotator\app\schedule\rotate_by_file.js
2022-04-05 12:40:23,298 INFO 6616 [egg-schedule]: register schedule D:\VS_code代码\Egg\text01\node_modules\_egg-multipart@2.13.1@egg-multipart\app\schedule\clean_tmpdir.js
2022-04-05 12:40:23,299 INFO 6616 [egg-schedule]: register schedule D:\VS_code代码\Egg\text01\node_modules\_egg-logrotator@3.1.0@egg-logrotator\app\schedule\clean_log.js
2022-04-05 12:40:23,299 INFO 6616 [egg-schedule]: register schedule D:\VS_code代码\Egg\text01\node_modules\_egg-logrotator@3.1.0@egg-logrotator\app\schedule\rotate_by_file.js
2022-04-05 12:42:04,330 INFO 23716 [egg-schedule]: register schedule D:\VS_code代码\Egg\text01\node_modules\_egg-multipart@2.13.1@egg-multipart\app\schedule\clean_tmpdir.js
2022-04-05 12:42:04,330 INFO 23716 [egg-schedule]: register schedule D:\VS_code代码\Egg\text01\node_modules\_egg-logrotator@3.1.0@egg-logrotator\app\schedule\clean_log.js
2022-04-05 12:42:04,330 INFO 23716 [egg-schedule]: register schedule D:\VS_code代码\Egg\text01\node_modules\_egg-logrotator@3.1.0@egg-logrotator\app\schedule\rotate_by_file.js
2022-04-05 12:42:51,979 INFO 26040 [egg-schedule]: register schedule D:\VS_code代码\Egg\text01\node_modules\_egg-multipart@2.13.1@egg-multipart\app\schedule\clean_tmpdir.js
2022-04-05 12:42:51,979 INFO 26040 [egg-schedule]: register schedule D:\VS_code代码\Egg\text01\node_modules\_egg-logrotator@3.1.0@egg-logrotator\app\schedule\clean_log.js
2022-04-05 12:42:51,980 INFO 26040 [egg-schedule]: register schedule D:\VS_code代码\Egg\text01\node_modules\_egg-logrotator@3.1.0@egg-logrotator\app\schedule\rotate_by_file.js
2022-04-05 12:43:26,520 INFO 22604 [egg-schedule]: register schedule D:\VS_code代码\Egg\text01\node_modules\_egg-multipart@2.13.1@egg-multipart\app\schedule\clean_tmpdir.js
2022-04-05 12:43:26,520 INFO 22604 [egg-schedule]: register schedule D:\VS_code代码\Egg\text01\node_modules\_egg-logrotator@3.1.0@egg-logrotator\app\schedule\clean_log.js
2022-04-05 12:43:26,520 INFO 22604 [egg-schedule]: register schedule D:\VS_code代码\Egg\text01\node_modules\_egg-logrotator@3.1.0@egg-logrotator\app\schedule\rotate_by_file.js
2022-04-05 12:43:42,985 INFO 24372 [egg-schedule]: register schedule D:\VS_code代码\Egg\text01\node_modules\_egg-multipart@2.13.1@egg-multipart\app\schedule\clean_tmpdir.js
2022-04-05 12:43:42,985 INFO 24372 [egg-schedule]: register schedule D:\VS_code代码\Egg\text01\node_modules\_egg-logrotator@3.1.0@egg-logrotator\app\schedule\clean_log.js
2022-04-05 12:43:42,986 INFO 24372 [egg-schedule]: register schedule D:\VS_code代码\Egg\text01\node_modules\_egg-logrotator@3.1.0@egg-logrotator\app\schedule\rotate_by_file.js
2022-04-05 12:44:56,004 INFO 6688 [egg-schedule]: register schedule D:\VS_code代码\Egg\text01\node_modules\_egg-multipart@2.13.1@egg-multipart\app\schedule\clean_tmpdir.js
2022-04-05 12:44:56,004 INFO 6688 [egg-schedule]: register schedule D:\VS_code代码\Egg\text01\node_modules\_egg-logrotator@3.1.0@egg-logrotator\app\schedule\clean_log.js
2022-04-05 12:44:56,004 INFO 6688 [egg-schedule]: register schedule D:\VS_code代码\Egg\text01\node_modules\_egg-logrotator@3.1.0@egg-logrotator\app\schedule\rotate_by_file.js
2022-04-05 12:45:27,027 INFO 23400 [egg-schedule]: register schedule D:\VS_code代码\Egg\text01\node_modules\_egg-multipart@2.13.1@egg-multipart\app\schedule\clean_tmpdir.js
2022-04-05 12:45:27,027 INFO 23400 [egg-schedule]: register schedule D:\VS_code代码\Egg\text01\node_modules\_egg-logrotator@3.1.0@egg-logrotator\app\schedule\clean_log.js
2022-04-05 12:45:27,027 INFO 23400 [egg-schedule]: register schedule D:\VS_code代码\Egg\text01\node_modules\_egg-logrotator@3.1.0@egg-logrotator\app\schedule\rotate_by_file.js
2022-04-05 12:46:14,623 INFO 20180 [egg-schedule]: register schedule D:\VS_code代码\Egg\text01\node_modules\_egg-multipart@2.13.1@egg-multipart\app\schedule\clean_tmpdir.js
2022-04-05 12:46:14,623 INFO 20180 [egg-schedule]: register schedule D:\VS_code代码\Egg\text01\node_modules\_egg-logrotator@3.1.0@egg-logrotator\app\schedule\clean_log.js
2022-04-05 12:46:14,623 INFO 20180 [egg-schedule]: register schedule D:\VS_code代码\Egg\text01\node_modules\_egg-logrotator@3.1.0@egg-logrotator\app\schedule\rotate_by_file.js
2022-04-05 12:48:20,651 INFO 25064 [egg-schedule]: register schedule D:\VS_code代码\Egg\text01\node_modules\_egg-multipart@2.13.1@egg-multipart\app\schedule\clean_tmpdir.js
2022-04-05 12:48:20,651 INFO 25064 [egg-schedule]: register schedule D:\VS_code代码\Egg\text01\node_modules\_egg-logrotator@3.1.0@egg-logrotator\app\schedule\clean_log.js
2022-04-05 12:48:20,651 INFO 25064 [egg-schedule]: register schedule D:\VS_code代码\Egg\text01\node_modules\_egg-logrotator@3.1.0@egg-logrotator\app\schedule\rotate_by_file.js
2022-04-05 12:49:46,101 INFO 12648 [egg-schedule]: register schedule D:\VS_code代码\Egg\text01\node_modules\_egg-multipart@2.13.1@egg-multipart\app\schedule\clean_tmpdir.js
2022-04-05 12:49:46,101 INFO 12648 [egg-schedule]: register schedule D:\VS_code代码\Egg\text01\node_modules\_egg-logrotator@3.1.0@egg-logrotator\app\schedule\clean_log.js
2022-04-05 12:49:46,101 INFO 12648 [egg-schedule]: register schedule D:\VS_code代码\Egg\text01\node_modules\_egg-logrotator@3.1.0@egg-logrotator\app\schedule\rotate_by_file.js
2022-04-05 12:50:21,537 INFO 6816 [egg-schedule]: register schedule D:\VS_code代码\Egg\text01\node_modules\_egg-multipart@2.13.1@egg-multipart\app\schedule\clean_tmpdir.js
2022-04-05 12:50:21,537 INFO 6816 [egg-schedule]: register schedule D:\VS_code代码\Egg\text01\node_modules\_egg-logrotator@3.1.0@egg-logrotator\app\schedule\clean_log.js
2022-04-05 12:50:21,537 INFO 6816 [egg-schedule]: register schedule D:\VS_code代码\Egg\text01\node_modules\_egg-logrotator@3.1.0@egg-logrotator\app\schedule\rotate_by_file.js
2022-04-05 12:52:19,910 INFO 10616 [egg-schedule]: register schedule D:\VS_code代码\Egg\text01\node_modules\_egg-multipart@2.13.1@egg-multipart\app\schedule\clean_tmpdir.js
2022-04-05 12:52:19,910 INFO 10616 [egg-schedule]: register schedule D:\VS_code代码\Egg\text01\node_modules\_egg-logrotator@3.1.0@egg-logrotator\app\schedule\clean_log.js
2022-04-05 12:52:19,911 INFO 10616 [egg-schedule]: register schedule D:\VS_code代码\Egg\text01\node_modules\_egg-logrotator@3.1.0@egg-logrotator\app\schedule\rotate_by_file.js
2022-04-05 15:24:18,655 INFO 11596 [egg-schedule]: register schedule D:\VS_code代码\Egg\text01\node_modules\_egg-multipart@2.13.1@egg-multipart\app\schedule\clean_tmpdir.js
2022-04-05 15:24:18,655 INFO 11596 [egg-schedule]: register schedule D:\VS_code代码\Egg\text01\node_modules\_egg-logrotator@3.1.0@egg-logrotator\app\schedule\clean_log.js
2022-04-05 15:24:18,655 INFO 11596 [egg-schedule]: register schedule D:\VS_code代码\Egg\text01\node_modules\_egg-logrotator@3.1.0@egg-logrotator\app\schedule\rotate_by_file.js
2022-04-05 15:24:19,047 INFO 16636 [Timer] D:\VS_code代码\Egg\text01\node_modules\_egg-multipart@2.13.1@egg-multipart\app\schedule\clean_tmpdir.js next time will execute after 47140958ms at 2022-04-06 04:30:00.005
2022-04-05 15:24:19,047 INFO 16636 [Timer] D:\VS_code代码\Egg\text01\node_modules\_egg-logrotator@3.1.0@egg-logrotator\app\schedule\clean_log.js next time will execute after 30940953ms at 2022-04-06 00:00:00.000
2022-04-05 15:24:19,048 INFO 16636 [Timer] D:\VS_code代码\Egg\text01\node_modules\_egg-logrotator@3.1.0@egg-logrotator\app\schedule\rotate_by_file.js next time will execute after 30941953ms at 2022-04-06 00:00:01.001
2022-04-05 15:29:33,144 INFO 12620 [egg-schedule]: register schedule D:\VS_code代码\Egg\text01\node_modules\_egg-multipart@2.13.1@egg-multipart\app\schedule\clean_tmpdir.js
2022-04-05 15:29:33,144 INFO 12620 [egg-schedule]: register schedule D:\VS_code代码\Egg\text01\node_modules\_egg-logrotator@3.1.0@egg-logrotator\app\schedule\clean_log.js
2022-04-05 15:29:33,144 INFO 12620 [egg-schedule]: register schedule D:\VS_code代码\Egg\text01\node_modules\_egg-logrotator@3.1.0@egg-logrotator\app\schedule\rotate_by_file.js
